

*******************************************************************************
Tue Apr 10 20:41:44 2018


FIT:    data read from 'schewe.csv'
        format = z
        #datapoints = 78
        residuals are weighted equally (unit weight)

function used for fitting: f(x)
	f(x) = a*x*x + b*x + c*log(x)
fitted parameters initialized with current variable values


Current data point
=========================
#               = 1 out of 78
x               = 1              
z               = 62             

Current set of parameters
=========================
a               = 1              
b               = 1              
c               = 1              

BREAK: Undefined value during function evaluation

*******************************************************************************
Tue Apr 10 20:42:32 2018


FIT:    data read from 'schewe.csv'
        format = z
        #datapoints = 78
        residuals are weighted equally (unit weight)

function used for fitting: f(x)
	f(x) = a*x*x + b*x + c*log(x)
fitted parameters initialized with current variable values

iter      chisq       delta/lim  lambda   a             b             c            
   0 1.9096989392e+09   0.00e+00  8.62e+03    1.000000e+00   1.000000e+00   1.000000e+00
   7 2.0431339842e+08  -2.30e-07  8.62e-04    2.358398e+00  -3.050481e+02   2.202314e+03

After 7 iterations the fit converged.
final sum of squares of residuals : 2.04313e+08
rel. change during last iteration : -2.29768e-12

degrees of freedom    (FIT_NDF)                        : 75
rms of residuals      (FIT_STDFIT) = sqrt(WSSR/ndf)    : 1650.51
variance of residuals (reduced chisquare) = WSSR/ndf   : 2.72418e+06

Final set of parameters            Asymptotic Standard Error
=======================            ==========================
a               = 2.3584           +/- 0.08412      (3.567%)
b               = -305.048         +/- 20.36        (6.675%)
c               = 2202.31          +/- 236.6        (10.74%)

correlation matrix of the fit parameters:
                a      b      c      
a               1.000 
b              -0.970  1.000 
c               0.866 -0.953  1.000 


*******************************************************************************
Tue Apr 10 20:43:21 2018


FIT:    data read from 'schewe.csv'
        format = z
        #datapoints = 78
        residuals are weighted equally (unit weight)

function used for fitting: f(x)
	f(x) = a*x*x + b*x
fitted parameters initialized with current variable values

iter      chisq       delta/lim  lambda   a             b            
   0 7.1914583190e+09   0.00e+00  3.33e+04    2.358398e+00  -3.050481e+02
   3 4.4030305740e+08  -1.46e-01  3.33e+01    1.680690e+00  -1.244017e+02

After 3 iterations the fit converged.
final sum of squares of residuals : 4.40303e+08
rel. change during last iteration : -1.45544e-06

degrees of freedom    (FIT_NDF)                        : 76
rms of residuals      (FIT_STDFIT) = sqrt(WSSR/ndf)    : 2406.96
variance of residuals (reduced chisquare) = WSSR/ndf   : 5.79346e+06

Final set of parameters            Asymptotic Standard Error
=======================            ==========================
a               = 1.68069          +/- 0.06144      (3.656%)
b               = -124.402         +/- 8.976        (7.215%)

correlation matrix of the fit parameters:
                a      b      
a               1.000 
b              -0.955  1.000 
